<?xml version="1.0" encoding="UTF-8"?>
<testng-results ignored="0" total="3" passed="2" failed="1" skipped="0">
  <reporter-output>
  </reporter-output>
  <suite started-at="2022-10-10T15:24:37 IST" name="Suite" finished-at="2022-10-10T15:25:14 IST" duration-ms="37613">
    <groups>
    </groups>
    <test started-at="2022-10-10T15:24:37 IST" name="Test" finished-at="2022-10-10T15:25:14 IST" duration-ms="37613">
      <class name="com.sauceDemo.TestClasses.TC01_VerifyLoginFunctionality">
        <test-method is-config="true" signature="LaunchBrowser(java.lang.String)[pri:0, instance:com.sauceDemo.TestClasses.TC01_VerifyLoginFunctionality@618425b5]" started-at="2022-10-10T15:25:03 IST" name="LaunchBrowser" finished-at="2022-10-10T15:25:12 IST" duration-ms="9217" status="PASS">
          <params>
            <param index="0">
              <value>
                <![CDATA[firefox]]>
              </value>
            </param>
          </params>
          <reporter-output>
          </reporter-output>
        </test-method> <!-- LaunchBrowser -->
        <test-method is-config="true" signature="setUp()[pri:0, instance:com.sauceDemo.TestClasses.TC01_VerifyLoginFunctionality@618425b5]" started-at="2022-10-10T15:25:12 IST" name="setUp" finished-at="2022-10-10T15:25:14 IST" duration-ms="2081" status="PASS">
          <reporter-output>
          </reporter-output>
        </test-method> <!-- setUp -->
        <test-method signature="loginFunctionality()[pri:0, instance:com.sauceDemo.TestClasses.TC01_VerifyLoginFunctionality@618425b5]" started-at="2022-10-10T15:25:14 IST" name="loginFunctionality" finished-at="2022-10-10T15:25:14 IST" duration-ms="5" status="PASS">
          <reporter-output>
          </reporter-output>
        </test-method> <!-- loginFunctionality -->
      </class> <!-- com.sauceDemo.TestClasses.TC01_VerifyLoginFunctionality -->
      <class name="com.sauceDemo.TestClasses.TC02_VerifyLogoutFunctionality">
        <test-method is-config="true" signature="LaunchBrowser(java.lang.String)[pri:0, instance:com.sauceDemo.TestClasses.TC02_VerifyLogoutFunctionality@18d87d80]" started-at="2022-10-10T15:24:51 IST" name="LaunchBrowser" finished-at="2022-10-10T15:25:02 IST" duration-ms="10954" status="PASS">
          <params>
            <param index="0">
              <value>
                <![CDATA[firefox]]>
              </value>
            </param>
          </params>
          <reporter-output>
          </reporter-output>
        </test-method> <!-- LaunchBrowser -->
        <test-method is-config="true" signature="setUp()[pri:0, instance:com.sauceDemo.TestClasses.TC02_VerifyLogoutFunctionality@18d87d80]" started-at="2022-10-10T15:25:02 IST" name="setUp" finished-at="2022-10-10T15:25:02 IST" duration-ms="659" status="PASS">
          <reporter-output>
          </reporter-output>
        </test-method> <!-- setUp -->
        <test-method signature="verifyLogout()[pri:0, instance:com.sauceDemo.TestClasses.TC02_VerifyLogoutFunctionality@18d87d80]" started-at="2022-10-10T15:25:02 IST" name="verifyLogout" finished-at="2022-10-10T15:25:03 IST" duration-ms="539" status="PASS">
          <reporter-output>
          </reporter-output>
        </test-method> <!-- verifyLogout -->
      </class> <!-- com.sauceDemo.TestClasses.TC02_VerifyLogoutFunctionality -->
      <class name="com.sauceDemo.TestClasses.TC03_VerifyAddToCartFunctionality">
        <test-method is-config="true" signature="LaunchBrowser(java.lang.String)[pri:0, instance:com.sauceDemo.TestClasses.TC03_VerifyAddToCartFunctionality@1a18644]" started-at="2022-10-10T15:24:37 IST" name="LaunchBrowser" finished-at="2022-10-10T15:24:49 IST" duration-ms="12853" status="PASS">
          <params>
            <param index="0">
              <value>
                <![CDATA[firefox]]>
              </value>
            </param>
          </params>
          <reporter-output>
          </reporter-output>
        </test-method> <!-- LaunchBrowser -->
        <test-method is-config="true" signature="setUp()[pri:0, instance:com.sauceDemo.TestClasses.TC03_VerifyAddToCartFunctionality@1a18644]" started-at="2022-10-10T15:24:49 IST" name="setUp" finished-at="2022-10-10T15:24:50 IST" duration-ms="949" status="PASS">
          <reporter-output>
          </reporter-output>
        </test-method> <!-- setUp -->
        <test-method signature="verifyAddToCart()[pri:0, instance:com.sauceDemo.TestClasses.TC03_VerifyAddToCartFunctionality@1a18644]" started-at="2022-10-10T15:24:50 IST" name="verifyAddToCart" finished-at="2022-10-10T15:24:51 IST" duration-ms="293" status="FAIL">
          <exception class="java.lang.AssertionError">
            <message>
              <![CDATA[expected [5] but found [1]]]>
            </message>
            <full-stacktrace>
              <![CDATA[java.lang.AssertionError: expected [5] but found [1]
at org.testng.Assert.fail(Assert.java:99)
at org.testng.Assert.failNotEquals(Assert.java:1037)
at org.testng.Assert.assertEqualsImpl(Assert.java:140)
at org.testng.Assert.assertEquals(Assert.java:122)
at org.testng.Assert.assertEquals(Assert.java:629)
at org.testng.Assert.assertEquals(Assert.java:639)
at com.sauceDemo.TestClasses.TC03_VerifyAddToCartFunctionality.verifyAddToCart(TC03_VerifyAddToCartFunctionality.java:20)
at java.base/jdk.internal.reflect.NativeMethodAccessorImpl.invoke0(Native Method)
at java.base/jdk.internal.reflect.NativeMethodAccessorImpl.invoke(NativeMethodAccessorImpl.java:77)
at java.base/jdk.internal.reflect.DelegatingMethodAccessorImpl.invoke(DelegatingMethodAccessorImpl.java:43)
at java.base/java.lang.reflect.Method.invoke(Method.java:568)
at org.testng.internal.MethodInvocationHelper.invokeMethod(MethodInvocationHelper.java:133)
at org.testng.internal.TestInvoker.invokeMethod(TestInvoker.java:598)
at org.testng.internal.TestInvoker.invokeTestMethod(TestInvoker.java:173)
at org.testng.internal.MethodRunner.runInSequence(MethodRunner.java:46)
at org.testng.internal.TestInvoker$MethodInvocationAgent.invoke(TestInvoker.java:824)
at org.testng.internal.TestInvoker.invokeTestMethods(TestInvoker.java:146)
at org.testng.internal.TestMethodWorker.invokeTestMethods(TestMethodWorker.java:146)
at org.testng.internal.TestMethodWorker.run(TestMethodWorker.java:128)
at java.base/java.util.ArrayList.forEach(ArrayList.java:1511)
at org.testng.TestRunner.privateRun(TestRunner.java:794)
at org.testng.TestRunner.run(TestRunner.java:596)
at org.testng.SuiteRunner.runTest(SuiteRunner.java:377)
at org.testng.SuiteRunner.runSequentially(SuiteRunner.java:371)
at org.testng.SuiteRunner.privateRun(SuiteRunner.java:332)
at org.testng.SuiteRunner.run(SuiteRunner.java:276)
at org.testng.SuiteRunnerWorker.runSuite(SuiteRunnerWorker.java:53)
at org.testng.SuiteRunnerWorker.run(SuiteRunnerWorker.java:96)
at org.testng.TestNG.runSuitesSequentially(TestNG.java:1212)
at org.testng.TestNG.runSuitesLocally(TestNG.java:1134)
at org.testng.TestNG.runSuites(TestNG.java:1063)
at org.testng.TestNG.run(TestNG.java:1031)
at org.testng.remote.AbstractRemoteTestNG.run(AbstractRemoteTestNG.java:115)
at org.testng.remote.RemoteTestNG.initAndRun(RemoteTestNG.java:251)
at org.testng.remote.RemoteTestNG.main(RemoteTestNG.java:77)
]]>
            </full-stacktrace>
          </exception> <!-- java.lang.AssertionError -->
          <reporter-output>
          </reporter-output>
        </test-method> <!-- verifyAddToCart -->
      </class> <!-- com.sauceDemo.TestClasses.TC03_VerifyAddToCartFunctionality -->
    </test> <!-- Test -->
  </suite> <!-- Suite -->
</testng-results>
